Performing C SOURCE FILE Test CMAKE_HAVE_LIBC_PTHREAD failed with the following output:
Change Dir: /home/matheusdiogenesandrade/Dropbox/PhD/2021.1/Journals/AIRO Springer Series/G-VRP-instance-generation/build/CMakeFiles/CMakeTmp

Run Build Command(s):/usr/bin/make cmTC_e8e6a/fast && /usr/bin/make  -f CMakeFiles/cmTC_e8e6a.dir/build.make CMakeFiles/cmTC_e8e6a.dir/build
make[1]: se entra en el directorio '/home/matheusdiogenesandrade/Dropbox/PhD/2021.1/Journals/AIRO Springer Series/G-VRP-instance-generation/build/CMakeFiles/CMakeTmp'
Building C object CMakeFiles/cmTC_e8e6a.dir/src.c.o
/usr/bin/cc   -DCMAKE_HAVE_LIBC_PTHREAD   -o CMakeFiles/cmTC_e8e6a.dir/src.c.o   -c "/home/matheusdiogenesandrade/Dropbox/PhD/2021.1/Journals/AIRO Springer Series/G-VRP-instance-generation/build/CMakeFiles/CMakeTmp/src.c"
Linking C executable cmTC_e8e6a
/usr/local/bin/cmake -E cmake_link_script CMakeFiles/cmTC_e8e6a.dir/link.txt --verbose=1
/usr/bin/cc  -DCMAKE_HAVE_LIBC_PTHREAD    CMakeFiles/cmTC_e8e6a.dir/src.c.o  -o cmTC_e8e6a 
CMakeFiles/cmTC_e8e6a.dir/src.c.o: En la función `main':
src.c:(.text+0x3e): referencia a `pthread_create' sin definir
src.c:(.text+0x4a): referencia a `pthread_detach' sin definir
src.c:(.text+0x56): referencia a `pthread_cancel' sin definir
src.c:(.text+0x67): referencia a `pthread_join' sin definir
src.c:(.text+0x7b): referencia a `pthread_atfork' sin definir
collect2: error: ld returned 1 exit status
CMakeFiles/cmTC_e8e6a.dir/build.make:106: fallo en las instrucciones para el objetivo 'cmTC_e8e6a'
make[1]: *** [cmTC_e8e6a] Error 1
make[1]: se sale del directorio '/home/matheusdiogenesandrade/Dropbox/PhD/2021.1/Journals/AIRO Springer Series/G-VRP-instance-generation/build/CMakeFiles/CMakeTmp'
Makefile:141: fallo en las instrucciones para el objetivo 'cmTC_e8e6a/fast'
make: *** [cmTC_e8e6a/fast] Error 2


Source file was:
#include <pthread.h>

void* test_func(void* data)
{
  return data;
}

int main(void)
{
  pthread_t thread;
  pthread_create(&thread, NULL, test_func, NULL);
  pthread_detach(thread);
  pthread_cancel(thread);
  pthread_join(thread, NULL);
  pthread_atfork(NULL, NULL, NULL);
  pthread_exit(NULL);

  return 0;
}

Determining if the function pthread_create exists in the pthreads failed with the following output:
Change Dir: /home/matheusdiogenesandrade/Dropbox/PhD/2021.1/Journals/AIRO Springer Series/G-VRP-instance-generation/build/CMakeFiles/CMakeTmp

Run Build Command(s):/usr/bin/make cmTC_629b4/fast && /usr/bin/make  -f CMakeFiles/cmTC_629b4.dir/build.make CMakeFiles/cmTC_629b4.dir/build
make[1]: se entra en el directorio '/home/matheusdiogenesandrade/Dropbox/PhD/2021.1/Journals/AIRO Springer Series/G-VRP-instance-generation/build/CMakeFiles/CMakeTmp'
Building C object CMakeFiles/cmTC_629b4.dir/CheckFunctionExists.c.o
/usr/bin/cc   -DCHECK_FUNCTION_EXISTS=pthread_create   -o CMakeFiles/cmTC_629b4.dir/CheckFunctionExists.c.o   -c /usr/local/share/cmake-3.17/Modules/CheckFunctionExists.c
Linking C executable cmTC_629b4
/usr/local/bin/cmake -E cmake_link_script CMakeFiles/cmTC_629b4.dir/link.txt --verbose=1
/usr/bin/cc  -DCHECK_FUNCTION_EXISTS=pthread_create    CMakeFiles/cmTC_629b4.dir/CheckFunctionExists.c.o  -o cmTC_629b4  -lpthreads 
/usr/bin/ld: no se puede encontrar -lpthreads
collect2: error: ld returned 1 exit status
CMakeFiles/cmTC_629b4.dir/build.make:106: fallo en las instrucciones para el objetivo 'cmTC_629b4'
make[1]: *** [cmTC_629b4] Error 1
make[1]: se sale del directorio '/home/matheusdiogenesandrade/Dropbox/PhD/2021.1/Journals/AIRO Springer Series/G-VRP-instance-generation/build/CMakeFiles/CMakeTmp'
Makefile:141: fallo en las instrucciones para el objetivo 'cmTC_629b4/fast'
make: *** [cmTC_629b4/fast] Error 2



